<?xml version="1.0" encoding="utf-8" standalone="no"?>
<!--This file represents the results of running a test suite-->
<test-results name="C:\Projects\Trustev.GitHub\dotnet\trunk\src\Trustev.Api.UnitTest\bin\Debug\Trustev.Api.UnitTest.dll" total="1" errors="0" failures="0" not-run="0" inconclusive="0" ignored="0" skipped="0" invalid="0" date="2013-11-06" time="14:09:53">
  <environment nunit-version="2.6.2.12296" clr-version="2.0.50727.7905" os-version="Microsoft Windows NT 6.2.9200.0" platform="Win32NT" cwd="C:\Program Files (x86)\NUnit 2.6.2\bin" machine-name="CHRISKENNEDY" user="CKennedy" user-domain="CHRISKENNEDY" />
  <culture-info current-culture="en-IE" current-uiculture="en-US" />
  <test-suite type="Assembly" name="C:\Projects\Trustev.GitHub\dotnet\trunk\src\Trustev.Api.UnitTest\bin\Debug\Trustev.Api.UnitTest.dll" executed="True" result="Success" success="True" time="1.147" asserts="0">
    <results>
      <test-suite type="Namespace" name="Trustev" executed="True" result="Success" success="True" time="1.147" asserts="0">
        <results>
          <test-suite type="Namespace" name="Api" executed="True" result="Success" success="True" time="1.147" asserts="0">
            <results>
              <test-suite type="Namespace" name="UnitTest" executed="True" result="Success" success="True" time="1.146" asserts="0">
                <results>
                  <test-suite type="Namespace" name="v1_1" executed="True" result="Success" success="True" time="1.146" asserts="0">
                    <results>
                      <test-suite type="TestFixture" name="AuthenticateTest" executed="True" result="Success" success="True" time="1.146" asserts="0">
                        <results>
                          <test-case name="Trustev.Api.UnitTest.v1_1.AuthenticateTest.ResetUserPasswordPass" executed="True" result="Success" success="True" time="1.145" asserts="0" />
                        </results>
                      </test-suite>
                    </results>
                  </test-suite>
                </results>
              </test-suite>
            </results>
          </test-suite>
        </results>
      </test-suite>
    </results>
  </test-suite>
</test-results>